c:\users\theom\downloads\projet_definitivement_definitif\jeudelavie\jeudelavie\x64\debug\vc143.pdb
c:\users\theom\downloads\projet_definitivement_definitif\jeudelavie\jeudelavie\x64\debug\vc143.idb
c:\users\theom\downloads\projet_definitivement_definitif\jeudelavie\jeudelavie\x64\debug\fenetre.obj
c:\users\theom\downloads\projet_definitivement_definitif\jeudelavie\jeudelavie\x64\debug\jeudelavie.obj
c:\users\theom\downloads\projet_definitivement_definitif\jeudelavie\jeudelavie\x64\debug\jeu.obj
c:\users\theom\downloads\projet_definitivement_definitif\jeudelavie\jeudelavie\x64\debug\grille.obj
c:\users\theom\downloads\projet_definitivement_definitif\jeudelavie\jeudelavie\x64\debug\jeudelavie.ilk
c:\users\theom\downloads\projet_definitivement_definitif\jeudelavie\x64\debug\jeudelavie.pdb
c:\users\theom\downloads\projet_definitivement_definitif\jeudelavie\jeudelavie\x64\debug\jeudelavie.tlog\cl.command.1.tlog
c:\users\theom\downloads\projet_definitivement_definitif\jeudelavie\jeudelavie\x64\debug\jeudelavie.tlog\cl.items.tlog
c:\users\theom\downloads\projet_definitivement_definitif\jeudelavie\jeudelavie\x64\debug\jeudelavie.tlog\cl.read.1.tlog
c:\users\theom\downloads\projet_definitivement_definitif\jeudelavie\jeudelavie\x64\debug\jeudelavie.tlog\cl.write.1.tlog
c:\users\theom\downloads\projet_definitivement_definitif\jeudelavie\jeudelavie\x64\debug\jeudelavie.tlog\link.24100-cvtres.read.1.tlog
c:\users\theom\downloads\projet_definitivement_definitif\jeudelavie\jeudelavie\x64\debug\jeudelavie.tlog\link.24100-cvtres.write.1.tlog
c:\users\theom\downloads\projet_definitivement_definitif\jeudelavie\jeudelavie\x64\debug\jeudelavie.tlog\link.24100-rc.read.1.tlog
c:\users\theom\downloads\projet_definitivement_definitif\jeudelavie\jeudelavie\x64\debug\jeudelavie.tlog\link.24100-rc.write.1.tlog
c:\users\theom\downloads\projet_definitivement_definitif\jeudelavie\jeudelavie\x64\debug\jeudelavie.tlog\link.24100.read.1.tlog
c:\users\theom\downloads\projet_definitivement_definitif\jeudelavie\jeudelavie\x64\debug\jeudelavie.tlog\link.24100.read.2.tlog
c:\users\theom\downloads\projet_definitivement_definitif\jeudelavie\jeudelavie\x64\debug\jeudelavie.tlog\link.24100.write.1.tlog
c:\users\theom\downloads\projet_definitivement_definitif\jeudelavie\jeudelavie\x64\debug\jeudelavie.tlog\link.command.1.tlog
c:\users\theom\downloads\projet_definitivement_definitif\jeudelavie\jeudelavie\x64\debug\jeudelavie.tlog\link.read.1.tlog
c:\users\theom\downloads\projet_definitivement_definitif\jeudelavie\jeudelavie\x64\debug\jeudelavie.tlog\link.secondary.1.tlog
c:\users\theom\downloads\projet_definitivement_definitif\jeudelavie\jeudelavie\x64\debug\jeudelavie.tlog\link.write.1.tlog
